aware-core/build/outputs/apk/manifest-merger-phone-debug-report.txt
-- Merging decision tree log ---
manifest
ADDED from AndroidManifest.xml:2:1
	package
		ADDED from AndroidManifest.xml:2:70
		INJECTED from AndroidManifest.xml:0:0
		INJECTED from AndroidManifest.xml:0:0
	android:versionName
		INJECTED from AndroidManifest.xml:0:0
		ADDED from AndroidManifest.xml:2:1
		INJECTED from AndroidManifest.xml:0:0
	xmlns:android
		ADDED from AndroidManifest.xml:2:11
	android:versionCode
		INJECTED from AndroidManifest.xml:0:0
		ADDED from AndroidManifest.xml:2:1
		INJECTED from AndroidManifest.xml:0:0
uses-permission#android.permission.ACCESS_COARSE_LOCATION
ADDED from AndroidManifest.xml:5:5
	android:name
		ADDED from AndroidManifest.xml:5:22
uses-permission#android.permission.ACCESS_FINE_LOCATION
ADDED from AndroidManifest.xml:6:5
	android:name
		ADDED from AndroidManifest.xml:6:22
uses-permission#android.permission.ACCESS_WIFI_STATE
ADDED from AndroidManifest.xml:7:5
	android:name
		ADDED from AndroidManifest.xml:7:22
uses-permission#android.permission.BLUETOOTH
ADDED from AndroidManifest.xml:8:5
	android:name
		ADDED from AndroidManifest.xml:8:22
uses-permission#android.permission.BLUETOOTH_ADMIN
ADDED from AndroidManifest.xml:9:5
	android:name
		ADDED from AndroidManifest.xml:9:22
uses-permission#android.permission.CHANGE_WIFI_STATE
ADDED from AndroidManifest.xml:10:5
	android:name
		ADDED from AndroidManifest.xml:10:22
uses-permission#android.permission.GET_TASKS
ADDED from AndroidManifest.xml:11:5
	android:name
		ADDED from AndroidManifest.xml:11:22
uses-permission#android.permission.READ_SMS
ADDED from AndroidManifest.xml:12:5
	android:name
		ADDED from AndroidManifest.xml:12:22
uses-permission#android.permission.READ_CONTACTS
ADDED from AndroidManifest.xml:13:5
	android:name
		ADDED from AndroidManifest.xml:13:22
uses-permission#android.permission.READ_PHONE_STATE
ADDED from AndroidManifest.xml:14:5
	android:name
		ADDED from AndroidManifest.xml:14:22
uses-permission#android.permission.RESTART_PACKAGES
ADDED from AndroidManifest.xml:15:5
	android:name
		ADDED from AndroidManifest.xml:15:22
uses-permission#android.permission.VIBRATE
ADDED from AndroidManifest.xml:16:5
	android:name
		ADDED from AndroidManifest.xml:16:22
uses-permission#android.permission.SYSTEM_ALERT_WINDOW
ADDED from AndroidManifest.xml:17:5
	android:name
		ADDED from AndroidManifest.xml:17:22
uses-permission#android.permission.WAKE_LOCK
ADDED from AndroidManifest.xml:18:5
	android:name
		ADDED from AndroidManifest.xml:18:22
uses-permission#android.permission.READ_CALL_LOG
ADDED from AndroidManifest.xml:19:5
	android:name
		ADDED from AndroidManifest.xml:19:22
uses-permission#android.permission.CAMERA
ADDED from AndroidManifest.xml:20:5
	android:name
		ADDED from AndroidManifest.xml:20:22
permission#com.aware.READ_CONTEXT_DATA
ADDED from AndroidManifest.xml:22:5
	android:label
		ADDED from AndroidManifest.xml:26:9
	android:protectionLevel
		ADDED from AndroidManifest.xml:27:9
	android:icon
		ADDED from AndroidManifest.xml:25:9
	android:description
		ADDED from AndroidManifest.xml:24:9
	android:name
		ADDED from AndroidManifest.xml:23:9
permission#com.aware.WRITE_CONTEXT_DATA
ADDED from AndroidManifest.xml:29:5
	android:label
		ADDED from AndroidManifest.xml:33:9
	android:protectionLevel
		ADDED from AndroidManifest.xml:34:9
	android:icon
		ADDED from AndroidManifest.xml:32:9
	android:description
		ADDED from AndroidManifest.xml:31:9
	android:name
		ADDED from AndroidManifest.xml:30:9
uses-permission#com.aware.READ_CONTEXT_DATA
ADDED from AndroidManifest.xml:38:5
	android:name
		ADDED from AndroidManifest.xml:38:22
uses-permission#com.aware.WRITE_CONTEXT_DATA
ADDED from AndroidManifest.xml:39:5
	android:name
		ADDED from AndroidManifest.xml:39:22
uses-permission#android.permission.WRITE_EXTERNAL_STORAGE
ADDED from AndroidManifest.xml:40:5
	android:name
		ADDED from AndroidManifest.xml:40:22
uses-permission#android.permission.INTERNET
ADDED from AndroidManifest.xml:41:5
	android:name
		ADDED from AndroidManifest.xml:41:22
uses-permission#android.permission.ACCESS_NETWORK_STATE
ADDED from AndroidManifest.xml:42:5
	android:name
		ADDED from AndroidManifest.xml:42:22
application
ADDED from AndroidManifest.xml:44:5
MERGED from AndroidManifest.xml:44:5
MERGED from com.android.support:appcompat-v7:21.0.3:16:5
MERGED from com.android.support:support-v4:21.0.3:16:5
MERGED from com.android.support:gridlayout-v7:21.0.2:16:5
MERGED from com.android.support:support-v4:21.0.3:16:5
MERGED from com.android.support:cardview-v7:21.0.2:16:5
MERGED from com.android.support:support-v4:21.0.3:16:5
MERGED from com.android.support:support-v4:21.0.3:16:5
MERGED from com.google.android.gms:play-services:6.5.87:20:5
MERGED from com.android.support:support-v4:21.0.3:16:5
	android:label
		ADDED from AndroidManifest.xml:46:9
		ADDED from AndroidManifest.xml:46:9
	android:icon
		ADDED from AndroidManifest.xml:45:9
		ADDED from AndroidManifest.xml:45:9
	android:theme
		ADDED from AndroidManifest.xml:47:9
		ADDED from AndroidManifest.xml:47:9
meta-data#com.google.android.gms.version
ADDED from AndroidManifest.xml:48:9
MERGED from com.google.android.gms:play-services:6.5.87:21:9
	android:value
		ADDED from AndroidManifest.xml:48:66
	android:name
		ADDED from AndroidManifest.xml:48:20
activity#com.aware.Aware_Preferences
ADDED from AndroidManifest.xml:50:9
	android:enabled
		ADDED from AndroidManifest.xml:53:13
	android:label
		ADDED from AndroidManifest.xml:56:13
	android:launchMode
		ADDED from AndroidManifest.xml:58:13
	android:exported
		ADDED from AndroidManifest.xml:54:13
	android:configChanges
		ADDED from AndroidManifest.xml:52:13
	android:icon
		ADDED from AndroidManifest.xml:55:13
	android:theme
		ADDED from AndroidManifest.xml:57:13
	android:name
		ADDED from AndroidManifest.xml:51:13
intent-filter#android.intent.action.MAIN+android.intent.category.LAUNCHER
ADDED from AndroidManifest.xml:59:13
action#android.intent.action.MAIN
ADDED from AndroidManifest.xml:60:17
	android:name
		ADDED from AndroidManifest.xml:60:25
category#android.intent.category.LAUNCHER
ADDED from AndroidManifest.xml:61:17
	android:name
		ADDED from AndroidManifest.xml:61:27
activity#com.aware.ui.Stream_UI
ADDED from AndroidManifest.xml:64:9
	android:enabled
		ADDED from AndroidManifest.xml:69:38
	android:label
		ADDED from AndroidManifest.xml:68:13
	android:parentActivityName
		ADDED from AndroidManifest.xml:73:13
	android:launchMode
		ADDED from AndroidManifest.xml:70:13
	android:exported
		ADDED from AndroidManifest.xml:66:13
	android:noHistory
		ADDED from AndroidManifest.xml:69:13
	android:configChanges
		ADDED from AndroidManifest.xml:71:13
	android:icon
		ADDED from AndroidManifest.xml:67:13
	android:theme
		ADDED from AndroidManifest.xml:72:13
	android:name
		ADDED from AndroidManifest.xml:65:13
intent-filter#android.intent.action.ASSIST+android.intent.category.DEFAULT+android.intent.category.LAUNCHER
ADDED from AndroidManifest.xml:75:13
action#android.intent.action.ASSIST
ADDED from AndroidManifest.xml:76:17
	android:name
		ADDED from AndroidManifest.xml:76:25
category#android.intent.category.DEFAULT
ADDED from AndroidManifest.xml:77:17
	android:name
		ADDED from AndroidManifest.xml:77:27
meta-data#com.android.systemui.action_assist_icon
ADDED from AndroidManifest.xml:80:13
	android:resource
		ADDED from AndroidManifest.xml:82:17
	android:name
		ADDED from AndroidManifest.xml:81:17
meta-data#android.support.PARENT_ACTIVITY
ADDED from AndroidManifest.xml:83:13
	android:value
		ADDED from AndroidManifest.xml:84:17
	android:name
		ADDED from AndroidManifest.xml:83:24
activity#com.aware.ui.CameraStudy
ADDED from AndroidManifest.xml:86:9
	android:enabled
		ADDED from AndroidManifest.xml:90:13
	android:label
		ADDED from AndroidManifest.xml:92:13
	android:parentActivityName
		ADDED from AndroidManifest.xml:93:13
	android:launchMode
		ADDED from AndroidManifest.xml:89:13
	android:configChanges
		ADDED from AndroidManifest.xml:88:13
	android:theme
		ADDED from AndroidManifest.xml:91:13
	android:name
		ADDED from AndroidManifest.xml:87:13
activity#com.aware.ui.Plugins_Manager
ADDED from AndroidManifest.xml:98:9
	android:enabled
		ADDED from AndroidManifest.xml:102:13
	android:label
		ADDED from AndroidManifest.xml:105:13
	android:parentActivityName
		ADDED from AndroidManifest.xml:107:13
	android:launchMode
		ADDED from AndroidManifest.xml:101:13
	android:exported
		ADDED from AndroidManifest.xml:103:13
	android:configChanges
		ADDED from AndroidManifest.xml:100:13
	android:icon
		ADDED from AndroidManifest.xml:104:13
	android:theme
		ADDED from AndroidManifest.xml:106:13
	android:name
		ADDED from AndroidManifest.xml:99:13
activity#com.aware.ui.About
ADDED from AndroidManifest.xml:112:9
	android:enabled
		ADDED from AndroidManifest.xml:115:13
	android:label
		ADDED from AndroidManifest.xml:117:13
	android:parentActivityName
		ADDED from AndroidManifest.xml:119:13
	android:launchMode
		ADDED from AndroidManifest.xml:114:13
	android:exported
		ADDED from AndroidManifest.xml:116:13
	android:configChanges
		ADDED from AndroidManifest.xml:113:13
	android:theme
		ADDED from AndroidManifest.xml:118:13
	android:name
		ADDED from AndroidManifest.xml:112:19
activity#com.aware.ui.ESM_Queue
ADDED from AndroidManifest.xml:122:9
	android:clearTaskOnLaunch
		ADDED from AndroidManifest.xml:129:13
	android:excludeFromRecents
		ADDED from AndroidManifest.xml:125:13
	android:launchMode
		ADDED from AndroidManifest.xml:130:13
	android:exported
		ADDED from AndroidManifest.xml:126:13
	android:noHistory
		ADDED from AndroidManifest.xml:128:13
	android:configChanges
		ADDED from AndroidManifest.xml:124:13
	android:showOnLockScreen
		ADDED from AndroidManifest.xml:127:13
	android:theme
		ADDED from AndroidManifest.xml:131:13
	android:name
		ADDED from AndroidManifest.xml:123:13
service#com.aware.Keyboard
ADDED from AndroidManifest.xml:134:9
	android:exported
		ADDED from AndroidManifest.xml:134:52
	android:name
		ADDED from AndroidManifest.xml:134:18
service#com.aware.Aware
ADDED from AndroidManifest.xml:135:9
	android:exported
		ADDED from AndroidManifest.xml:137:13
	android:name
		ADDED from AndroidManifest.xml:136:13
service#com.aware.Applications
ADDED from AndroidManifest.xml:139:9
	android:enabled
		ADDED from AndroidManifest.xml:142:13
	android:exported
		ADDED from AndroidManifest.xml:141:13
	android:permission
		ADDED from AndroidManifest.xml:143:13
	android:name
		ADDED from AndroidManifest.xml:140:13
intent-filter#android.accessibilityservice.AccessibilityService
ADDED from AndroidManifest.xml:144:13
action#android.accessibilityservice.AccessibilityService
ADDED from AndroidManifest.xml:145:17
	android:name
		ADDED from AndroidManifest.xml:145:25
meta-data#android.accessibilityservice
ADDED from AndroidManifest.xml:147:13
	android:resource
		ADDED from AndroidManifest.xml:147:68
	android:name
		ADDED from AndroidManifest.xml:147:24
service#com.aware.Applications$BackgroundService
ADDED from AndroidManifest.xml:149:9
	android:exported
		ADDED from AndroidManifest.xml:151:13
	android:name
		ADDED from AndroidManifest.xml:150:13
service#com.aware.Locations
ADDED from AndroidManifest.xml:153:9
	android:exported
		ADDED from AndroidManifest.xml:155:13
	android:name
		ADDED from AndroidManifest.xml:154:13
service#com.aware.Bluetooth
ADDED from AndroidManifest.xml:157:9
	android:exported
		ADDED from AndroidManifest.xml:159:13
	android:name
		ADDED from AndroidManifest.xml:158:13
service#com.aware.Screen
ADDED from AndroidManifest.xml:161:9
	android:exported
		ADDED from AndroidManifest.xml:163:13
	android:name
		ADDED from AndroidManifest.xml:162:13
service#com.aware.Battery
ADDED from AndroidManifest.xml:165:9
	android:exported
		ADDED from AndroidManifest.xml:167:13
	android:name
		ADDED from AndroidManifest.xml:166:13
service#com.aware.Network
ADDED from AndroidManifest.xml:169:9
	android:exported
		ADDED from AndroidManifest.xml:171:13
	android:name
		ADDED from AndroidManifest.xml:170:13
service#com.aware.Communication
ADDED from AndroidManifest.xml:173:9
	android:exported
		ADDED from AndroidManifest.xml:175:13
	android:name
		ADDED from AndroidManifest.xml:174:13
service#com.aware.Processor
ADDED from AndroidManifest.xml:177:9
	android:exported
		ADDED from AndroidManifest.xml:179:13
	android:name
		ADDED from AndroidManifest.xml:178:13
service#com.aware.TimeZone
ADDED from AndroidManifest.xml:181:9
	android:exported
		ADDED from AndroidManifest.xml:183:13
	android:name
		ADDED from AndroidManifest.xml:182:13
service#com.aware.Mqtt
ADDED from AndroidManifest.xml:185:9
	android:exported
		ADDED from AndroidManifest.xml:187:13
	android:name
		ADDED from AndroidManifest.xml:186:13
service#com.aware.Traffic
ADDED from AndroidManifest.xml:189:9
	android:exported
		ADDED from AndroidManifest.xml:191:13
	android:name
		ADDED from AndroidManifest.xml:190:13
service#com.aware.Accelerometer
ADDED from AndroidManifest.xml:194:9
	android:exported
		ADDED from AndroidManifest.xml:196:13
	android:name
		ADDED from AndroidManifest.xml:195:13
service#com.aware.Gyroscope
ADDED from AndroidManifest.xml:198:9
	android:exported
		ADDED from AndroidManifest.xml:200:13
	android:name
		ADDED from AndroidManifest.xml:199:13
service#com.aware.Bluetooth$BackgroundService
ADDED from AndroidManifest.xml:202:9
	android:exported
		ADDED from AndroidManifest.xml:204:13
	android:name
		ADDED from AndroidManifest.xml:203:13
service#com.aware.WiFi
ADDED from AndroidManifest.xml:206:9
	android:exported
		ADDED from AndroidManifest.xml:208:13
	android:name
		ADDED from AndroidManifest.xml:207:13
service#com.aware.WiFi$BackgroundService
ADDED from AndroidManifest.xml:210:9
	android:exported
		ADDED from AndroidManifest.xml:212:13
	android:name
		ADDED from AndroidManifest.xml:211:13
service#com.aware.Telephony
ADDED from AndroidManifest.xml:214:9
	android:exported
		ADDED from AndroidManifest.xml:216:13
	android:name
		ADDED from AndroidManifest.xml:215:13
service#com.aware.Rotation
ADDED from AndroidManifest.xml:218:9
	android:exported
		ADDED from AndroidManifest.xml:220:13
	android:name
		ADDED from AndroidManifest.xml:219:13
service#com.aware.Light
ADDED from AndroidManifest.xml:222:9
	android:exported
		ADDED from AndroidManifest.xml:224:13
	android:name
		ADDED from AndroidManifest.xml:223:13
service#com.aware.Proximity
ADDED from AndroidManifest.xml:226:9
	android:exported
		ADDED from AndroidManifest.xml:228:13
	android:name
		ADDED from AndroidManifest.xml:227:13
service#com.aware.Magnetometer
ADDED from AndroidManifest.xml:230:9
	android:exported
		ADDED from AndroidManifest.xml:232:13
	android:name
		ADDED from AndroidManifest.xml:231:13
service#com.aware.Barometer
ADDED from AndroidManifest.xml:234:9
	android:exported
		ADDED from AndroidManifest.xml:236:13
	android:name
		ADDED from AndroidManifest.xml:235:13
service#com.aware.Gravity
ADDED from AndroidManifest.xml:238:9
	android:exported
		ADDED from AndroidManifest.xml:240:13
	android:name
		ADDED from AndroidManifest.xml:239:13
service#com.aware.LinearAccelerometer
ADDED from AndroidManifest.xml:242:9
	android:exported
		ADDED from AndroidManifest.xml:244:13
	android:name
		ADDED from AndroidManifest.xml:243:13
service#com.aware.Temperature
ADDED from AndroidManifest.xml:246:9
	android:exported
		ADDED from AndroidManifest.xml:248:13
	android:name
		ADDED from AndroidManifest.xml:247:13
service#com.aware.ESM
ADDED from AndroidManifest.xml:250:9
	android:exported
		ADDED from AndroidManifest.xml:252:13
	android:name
		ADDED from AndroidManifest.xml:251:13
service#com.aware.ESM$BackgroundService
ADDED from AndroidManifest.xml:254:9
	android:exported
		ADDED from AndroidManifest.xml:256:13
	android:name
		ADDED from AndroidManifest.xml:255:13
service#com.aware.Installations
ADDED from AndroidManifest.xml:258:9
	android:exported
		ADDED from AndroidManifest.xml:260:13
	android:name
		ADDED from AndroidManifest.xml:259:13
service#com.aware.utils.WebserviceHelper
ADDED from AndroidManifest.xml:262:9
	android:exported
		ADDED from AndroidManifest.xml:264:13
	android:name
		ADDED from AndroidManifest.xml:263:13
intent-filter#ACTION_AWARE_WEBSERVICE_CLEAR_TABLE+ACTION_AWARE_WEBSERVICE_SYNC_TABLE
ADDED from AndroidManifest.xml:265:13
action#ACTION_AWARE_WEBSERVICE_SYNC_TABLE
ADDED from AndroidManifest.xml:266:17
	android:name
		ADDED from AndroidManifest.xml:266:25
action#ACTION_AWARE_WEBSERVICE_CLEAR_TABLE
ADDED from AndroidManifest.xml:267:17
	android:name
		ADDED from AndroidManifest.xml:267:25
service#com.aware.Aware_Preferences$StudyConfig
ADDED from AndroidManifest.xml:270:9
	android:exported
		ADDED from AndroidManifest.xml:270:73
	android:name
		ADDED from AndroidManifest.xml:270:18
service#com.aware.Aware$UpdateFrameworkService
ADDED from AndroidManifest.xml:271:9
	android:enabled
		ADDED from AndroidManifest.xml:271:96
	android:exported
		ADDED from AndroidManifest.xml:271:72
	android:name
		ADDED from AndroidManifest.xml:271:18
service#com.aware.Aware$DownloadPluginService
ADDED from AndroidManifest.xml:272:9
	android:exported
		ADDED from AndroidManifest.xml:272:71
	android:name
		ADDED from AndroidManifest.xml:272:18
service#com.aware.Wear_Sync
ADDED from AndroidManifest.xml:274:9
	android:enabled
		ADDED from AndroidManifest.xml:274:77
	android:exported
		ADDED from AndroidManifest.xml:274:53
	android:name
		ADDED from AndroidManifest.xml:274:18
service#com.aware.Wear_Service
ADDED from AndroidManifest.xml:275:9
	android:enabled
		ADDED from AndroidManifest.xml:275:80
	android:exported
		ADDED from AndroidManifest.xml:275:56
	android:name
		ADDED from AndroidManifest.xml:275:18
intent-filter#com.google.android.gms.wearable.BIND_LISTENER
ADDED from AndroidManifest.xml:276:13
action#com.google.android.gms.wearable.BIND_LISTENER
ADDED from AndroidManifest.xml:277:17
	android:name
		ADDED from AndroidManifest.xml:277:25
service#com.aware.Wear_Sync$Wear_Bg
ADDED from AndroidManifest.xml:280:9
	android:enabled
		ADDED from AndroidManifest.xml:280:85
	android:exported
		ADDED from AndroidManifest.xml:280:61
	android:name
		ADDED from AndroidManifest.xml:280:18
receiver#com.aware.Aware$Aware_Broadcaster
ADDED from AndroidManifest.xml:282:9
	android:exported
		ADDED from AndroidManifest.xml:284:13
	android:name
		ADDED from AndroidManifest.xml:283:13
intent-filter#ACTION_AWARE_CLEAR_DATA+ACTION_AWARE_CONFIGURATION+ACTION_AWARE_REFRESH+ACTION_AWARE_SYNC_DATA
ADDED from AndroidManifest.xml:285:13
action#ACTION_AWARE_SYNC_DATA
ADDED from AndroidManifest.xml:286:17
	android:name
		ADDED from AndroidManifest.xml:286:25
action#ACTION_AWARE_CLEAR_DATA
ADDED from AndroidManifest.xml:287:17
	android:name
		ADDED from AndroidManifest.xml:287:25
action#ACTION_AWARE_CONFIGURATION
ADDED from AndroidManifest.xml:288:17
	android:name
		ADDED from AndroidManifest.xml:288:25
action#ACTION_AWARE_REFRESH
ADDED from AndroidManifest.xml:289:17
	android:name
		ADDED from AndroidManifest.xml:289:25
receiver#com.aware.Aware$PluginMonitor
ADDED from AndroidManifest.xml:292:9
	android:enabled
		ADDED from AndroidManifest.xml:292:88
	android:exported
		ADDED from AndroidManifest.xml:292:64
	android:name
		ADDED from AndroidManifest.xml:292:19
intent-filter#android.intent.action.PACKAGE_ADDED+android.intent.action.PACKAGE_REMOVED
ADDED from AndroidManifest.xml:293:13
action#android.intent.action.PACKAGE_ADDED
ADDED from AndroidManifest.xml:294:17
	android:name
		ADDED from AndroidManifest.xml:294:25
action#android.intent.action.PACKAGE_REMOVED
ADDED from AndroidManifest.xml:295:17
	android:name
		ADDED from AndroidManifest.xml:295:25
data
ADDED from AndroidManifest.xml:296:17
	android:scheme
		ADDED from AndroidManifest.xml:296:23
receiver#com.aware.Aware$Storage_Broadcaster
ADDED from AndroidManifest.xml:299:9
	android:enabled
		ADDED from AndroidManifest.xml:301:37
	android:exported
		ADDED from AndroidManifest.xml:301:13
	android:name
		ADDED from AndroidManifest.xml:300:13
intent-filter#android.intent.action.MEDIA_MOUNTED+android.intent.action.MEDIA_UNMOUNTED
ADDED from AndroidManifest.xml:302:13
action#android.intent.action.MEDIA_MOUNTED
ADDED from AndroidManifest.xml:303:17
	android:name
		ADDED from AndroidManifest.xml:303:25
action#android.intent.action.MEDIA_UNMOUNTED
ADDED from AndroidManifest.xml:304:17
	android:name
		ADDED from AndroidManifest.xml:304:25
provider#com.aware.providers.Bluetooth_Provider
ADDED from AndroidManifest.xml:311:9
	android:readPermission
		ADDED from AndroidManifest.xml:316:13
	android:authorities
		ADDED from AndroidManifest.xml:313:13
		INJECTED from AndroidManifest.xml:0:0
	android:enabled
		ADDED from AndroidManifest.xml:315:13
	android:exported
		ADDED from AndroidManifest.xml:314:13
	android:name
		ADDED from AndroidManifest.xml:312:13
	android:writePermission
		ADDED from AndroidManifest.xml:317:13
provider#com.aware.providers.Applications_Provider
ADDED from AndroidManifest.xml:320:9
	android:readPermission
		ADDED from AndroidManifest.xml:325:13
	android:authorities
		ADDED from AndroidManifest.xml:322:13
		INJECTED from AndroidManifest.xml:0:0
	android:enabled
		ADDED from AndroidManifest.xml:324:13
	android:exported
		ADDED from AndroidManifest.xml:323:13
	android:name
		ADDED from AndroidManifest.xml:321:13
	android:writePermission
		ADDED from AndroidManifest.xml:326:13
provider#com.aware.providers.Locations_Provider
ADDED from AndroidManifest.xml:329:9
	android:readPermission
		ADDED from AndroidManifest.xml:334:13
	android:authorities
		ADDED from AndroidManifest.xml:331:13
		INJECTED from AndroidManifest.xml:0:0
	android:enabled
		ADDED from AndroidManifest.xml:333:13
	android:exported
		ADDED from AndroidManifest.xml:332:13
	android:name
		ADDED from AndroidManifest.xml:330:13
	android:writePermission
		ADDED from AndroidManifest.xml:335:13
provider#com.aware.providers.Installations_Provider
ADDED from AndroidManifest.xml:338:9
	android:readPermission
		ADDED from AndroidManifest.xml:343:13
	android:authorities
		ADDED from AndroidManifest.xml:340:13
		INJECTED from AndroidManifest.xml:0:0
	android:enabled
		ADDED from AndroidManifest.xml:342:13
	android:exported
		ADDED from AndroidManifest.xml:341:13
	android:name
		ADDED from AndroidManifest.xml:339:13
	android:writePermission
		ADDED from AndroidManifest.xml:344:13
provider#com.aware.providers.ESM_Provider
ADDED from AndroidManifest.xml:347:9
	android:readPermission
		ADDED from AndroidManifest.xml:352:13
	android:authorities
		ADDED from AndroidManifest.xml:349:13
		INJECTED from AndroidManifest.xml:0:0
	android:enabled
		ADDED from AndroidManifest.xml:351:13
	android:exported
		ADDED from AndroidManifest.xml:350:13
	android:name
		ADDED from AndroidManifest.xml:348:13
	android:writePermission
		ADDED from AndroidManifest.xml:353:13
provider#com.aware.providers.Temperature_Provider
ADDED from AndroidManifest.xml:356:9
	android:readPermission
		ADDED from AndroidManifest.xml:361:13
	android:authorities
		ADDED from AndroidManifest.xml:358:13
		INJECTED from AndroidManifest.xml:0:0
	android:enabled
		ADDED from AndroidManifest.xml:360:13
	android:exported
		ADDED from AndroidManifest.xml:359:13
	android:name
		ADDED from AndroidManifest.xml:357:13
	android:writePermission
		ADDED from AndroidManifest.xml:362:13
provider#com.aware.providers.Linear_Accelerometer_Provider
ADDED from AndroidManifest.xml:365:9
	android:readPermission
		ADDED from AndroidManifest.xml:370:13
	android:authorities
		ADDED from AndroidManifest.xml:367:13
		INJECTED from AndroidManifest.xml:0:0
	android:enabled
		ADDED from AndroidManifest.xml:369:13
	android:exported
		ADDED from AndroidManifest.xml:368:13
	android:name
		ADDED from AndroidManifest.xml:366:13
	android:writePermission
		ADDED from AndroidManifest.xml:371:13
provider#com.aware.providers.Gravity_Provider
ADDED from AndroidManifest.xml:374:9
	android:readPermission
		ADDED from AndroidManifest.xml:379:13
	android:authorities
		ADDED from AndroidManifest.xml:376:13
		INJECTED from AndroidManifest.xml:0:0
	android:enabled
		ADDED from AndroidManifest.xml:378:13
	android:exported
		ADDED from AndroidManifest.xml:377:13
	android:name
		ADDED from AndroidManifest.xml:375:13
	android:writePermission
		ADDED from AndroidManifest.xml:380:13
provider#com.aware.providers.Barometer_Provider
ADDED from AndroidManifest.xml:383:9
	android:readPermission
		ADDED from AndroidManifest.xml:388:13
	android:authorities
		ADDED from AndroidManifest.xml:385:13
		INJECTED from AndroidManifest.xml:0:0
	android:enabled
		ADDED from AndroidManifest.xml:387:13
	android:exported
		ADDED from AndroidManifest.xml:386:13
	android:name
		ADDED from AndroidManifest.xml:384:13
	android:writePermission
		ADDED from AndroidManifest.xml:389:13
provider#com.aware.providers.Magnetometer_Provider
ADDED from AndroidManifest.xml:392:9
	android:readPermission
		ADDED from AndroidManifest.xml:397:13
	android:authorities
		ADDED from AndroidManifest.xml:394:13
		INJECTED from AndroidManifest.xml:0:0
	android:enabled
		ADDED from AndroidManifest.xml:396:13
	android:exported
		ADDED from AndroidManifest.xml:395:13
	android:name
		ADDED from AndroidManifest.xml:393:13
	android:writePermission
		ADDED from AndroidManifest.xml:398:13
provider#com.aware.providers.Proximity_Provider
ADDED from AndroidManifest.xml:401:9
	android:readPermission
		ADDED from AndroidManifest.xml:406:13
	android:authorities
		ADDED from AndroidManifest.xml:403:13
		INJECTED from AndroidManifest.xml:0:0
	android:enabled
		ADDED from AndroidManifest.xml:405:13
	android:exported
		ADDED from AndroidManifest.xml:404:13
	android:name
		ADDED from AndroidManifest.xml:402:13
	android:writePermission
		ADDED from AndroidManifest.xml:407:13
provider#com.aware.providers.Light_Provider
ADDED from AndroidManifest.xml:410:9
	android:readPermission
		ADDED from AndroidManifest.xml:415:13
	android:authorities
		ADDED from AndroidManifest.xml:412:13
		INJECTED from AndroidManifest.xml:0:0
	android:enabled
		ADDED from AndroidManifest.xml:414:13
	android:exported
		ADDED from AndroidManifest.xml:413:13
	android:name
		ADDED from AndroidManifest.xml:411:13
	android:writePermission
		ADDED from AndroidManifest.xml:416:13
provider#com.aware.providers.Telephony_Provider
ADDED from AndroidManifest.xml:419:9
	android:readPermission
		ADDED from AndroidManifest.xml:424:13
	android:authorities
		ADDED from AndroidManifest.xml:421:13
		INJECTED from AndroidManifest.xml:0:0
	android:enabled
		ADDED from AndroidManifest.xml:423:13
	android:exported
		ADDED from AndroidManifest.xml:422:13
	android:name
		ADDED from AndroidManifest.xml:420:13
	android:writePermission
		ADDED from AndroidManifest.xml:425:13
provider#com.aware.providers.Aware_Provider
ADDED from AndroidManifest.xml:428:9
	android:readPermission
		ADDED from AndroidManifest.xml:433:13
	android:authorities
		ADDED from AndroidManifest.xml:430:13
		INJECTED from AndroidManifest.xml:0:0
	android:enabled
		ADDED from AndroidManifest.xml:432:13
	android:exported
		ADDED from AndroidManifest.xml:431:13
	android:name
		ADDED from AndroidManifest.xml:429:13
	android:writePermission
		ADDED from AndroidManifest.xml:434:13
provider#com.aware.providers.Rotation_Provider
ADDED from AndroidManifest.xml:437:9
	android:readPermission
		ADDED from AndroidManifest.xml:442:13
	android:authorities
		ADDED from AndroidManifest.xml:439:13
		INJECTED from AndroidManifest.xml:0:0
	android:enabled
		ADDED from AndroidManifest.xml:441:13
	android:exported
		ADDED from AndroidManifest.xml:440:13
	android:name
		ADDED from AndroidManifest.xml:438:13
	android:writePermission
		ADDED from AndroidManifest.xml:443:13
provider#com.aware.providers.WiFi_Provider
ADDED from AndroidManifest.xml:446:9
	android:readPermission
		ADDED from AndroidManifest.xml:451:13
	android:authorities
		ADDED from AndroidManifest.xml:448:13
		INJECTED from AndroidManifest.xml:0:0
	android:enabled
		ADDED from AndroidManifest.xml:450:13
	android:exported
		ADDED from AndroidManifest.xml:449:13
	android:name
		ADDED from AndroidManifest.xml:447:13
	android:writePermission
		ADDED from AndroidManifest.xml:452:13
provider#com.aware.providers.Accelerometer_Provider
ADDED from AndroidManifest.xml:455:9
	android:readPermission
		ADDED from AndroidManifest.xml:460:13
	android:authorities
		ADDED from AndroidManifest.xml:457:13
		INJECTED from AndroidManifest.xml:0:0
	android:enabled
		ADDED from AndroidManifest.xml:459:13
	android:exported
		ADDED from AndroidManifest.xml:458:13
	android:name
		ADDED from AndroidManifest.xml:456:13
	android:writePermission
		ADDED from AndroidManifest.xml:461:13
provider#com.aware.providers.Gyroscope_Provider
ADDED from AndroidManifest.xml:464:9
	android:readPermission
		ADDED from AndroidManifest.xml:469:13
	android:authorities
		ADDED from AndroidManifest.xml:466:13
		INJECTED from AndroidManifest.xml:0:0
	android:enabled
		ADDED from AndroidManifest.xml:468:13
	android:exported
		ADDED from AndroidManifest.xml:467:13
	android:name
		ADDED from AndroidManifest.xml:465:13
	android:writePermission
		ADDED from AndroidManifest.xml:470:13
provider#com.aware.providers.Traffic_Provider
ADDED from AndroidManifest.xml:473:9
	android:readPermission
		ADDED from AndroidManifest.xml:478:13
	android:authorities
		ADDED from AndroidManifest.xml:475:13
		INJECTED from AndroidManifest.xml:0:0
	android:enabled
		ADDED from AndroidManifest.xml:477:13
	android:exported
		ADDED from AndroidManifest.xml:476:13
	android:name
		ADDED from AndroidManifest.xml:474:13
	android:writePermission
		ADDED from AndroidManifest.xml:479:13
provider#com.aware.providers.Mqtt_Provider
ADDED from AndroidManifest.xml:482:9
	android:readPermission
		ADDED from AndroidManifest.xml:487:13
	android:authorities
		ADDED from AndroidManifest.xml:484:13
		INJECTED from AndroidManifest.xml:0:0
	android:enabled
		ADDED from AndroidManifest.xml:486:13
	android:exported
		ADDED from AndroidManifest.xml:485:13
	android:name
		ADDED from AndroidManifest.xml:483:13
	android:writePermission
		ADDED from AndroidManifest.xml:488:13